***Starting TC001_CustomerRegistration***
Clicked on SignIn button with object:[[FirefoxDriver: firefox on WINDOWS (2f01960c-dd60-43a8-ad42-634b1f5e3093)] -> link text: Sign in]
Entered Email ID:qatest6957@gmail.comusing object[[FirefoxDriver: firefox on WINDOWS (2f01960c-dd60-43a8-ad42-634b1f5e3093)] -> id: email_create]
Clicked on Create an Account:[[FirefoxDriver: firefox on WINDOWS (2f01960c-dd60-43a8-ad42-634b1f5e3093)] -> id: SubmitCreate]
Verified customer info page by using object:[[FirefoxDriver: firefox on WINDOWS (2f01960c-dd60-43a8-ad42-634b1f5e3093)] -> xpath: //h1[text()='Create an account']]
Clicked on radion button by using object:[[FirefoxDriver: firefox on WINDOWS (2f01960c-dd60-43a8-ad42-634b1f5e3093)] -> id: id_gender1]
Entered first name by using object:[[FirefoxDriver: firefox on WINDOWS (2f01960c-dd60-43a8-ad42-634b1f5e3093)] -> id: customer_firstname]
Entered last name bu using object:[[FirefoxDriver: firefox on WINDOWS (2f01960c-dd60-43a8-ad42-634b1f5e3093)] -> id: customer_lastname]
Password entered by using object:[[FirefoxDriver: firefox on WINDOWS (2f01960c-dd60-43a8-ad42-634b1f5e3093)] -> id: passwd]
Selected a day by using object:[[FirefoxDriver: firefox on WINDOWS (2f01960c-dd60-43a8-ad42-634b1f5e3093)] -> id: days]
Selected a month by using object:[[FirefoxDriver: firefox on WINDOWS (2f01960c-dd60-43a8-ad42-634b1f5e3093)] -> id: months]
Selected a year by using object:[[FirefoxDriver: firefox on WINDOWS (2f01960c-dd60-43a8-ad42-634b1f5e3093)] -> id: years]
Entered address by using object:[[FirefoxDriver: firefox on WINDOWS (2f01960c-dd60-43a8-ad42-634b1f5e3093)] -> id: address1]
Entered city by using object:[[FirefoxDriver: firefox on WINDOWS (2f01960c-dd60-43a8-ad42-634b1f5e3093)] -> id: city]
Selected state by using object:[[FirefoxDriver: firefox on WINDOWS (2f01960c-dd60-43a8-ad42-634b1f5e3093)] -> id: id_state]
Entered zip code by using object:[[FirefoxDriver: firefox on WINDOWS (2f01960c-dd60-43a8-ad42-634b1f5e3093)] -> id: postcode]
Selected country by using object:[[FirefoxDriver: firefox on WINDOWS (2f01960c-dd60-43a8-ad42-634b1f5e3093)] -> id: id_country]
Entered phone number by using object:[[FirefoxDriver: firefox on WINDOWS (2f01960c-dd60-43a8-ad42-634b1f5e3093)] -> id: phone_mobile]
Entered alias address by using object:[[FirefoxDriver: firefox on WINDOWS (2f01960c-dd60-43a8-ad42-634b1f5e3093)] -> id: alias]
Clicked on Registration by using object:[[FirefoxDriver: firefox on WINDOWS (2f01960c-dd60-43a8-ad42-634b1f5e3093)] -> id: submitAccount]
Verified my account page by using object:[[FirefoxDriver: firefox on WINDOWS (2f01960c-dd60-43a8-ad42-634b1f5e3093)] -> xpath: //h1[text()='My account']]
***End of TC001_CustomerRegistration
***Starting TC001_CustomerRegistration***
Clicked on SignIn button with object:[[FirefoxDriver: firefox on WINDOWS (b8bc937a-fc6e-4b29-9d0b-4a3998748608)] -> link text: Sign in]
Entered Email ID:qatest2617@gmail.comusing object[[FirefoxDriver: firefox on WINDOWS (b8bc937a-fc6e-4b29-9d0b-4a3998748608)] -> id: email_create]
Clicked on Create an Account:[[FirefoxDriver: firefox on WINDOWS (b8bc937a-fc6e-4b29-9d0b-4a3998748608)] -> id: SubmitCreate]
Verified customer info page by using object:[[FirefoxDriver: firefox on WINDOWS (b8bc937a-fc6e-4b29-9d0b-4a3998748608)] -> xpath: //h1[text()='Create an account']]
Clicked on radion button by using object:[[FirefoxDriver: firefox on WINDOWS (b8bc937a-fc6e-4b29-9d0b-4a3998748608)] -> id: id_gender1]
Entered first name by using object:[[FirefoxDriver: firefox on WINDOWS (b8bc937a-fc6e-4b29-9d0b-4a3998748608)] -> id: customer_firstname]
Entered last name bu using object:[[FirefoxDriver: firefox on WINDOWS (b8bc937a-fc6e-4b29-9d0b-4a3998748608)] -> id: customer_lastname]
Password entered by using object:[[FirefoxDriver: firefox on WINDOWS (b8bc937a-fc6e-4b29-9d0b-4a3998748608)] -> id: passwd]
Selected a day by using object:[[FirefoxDriver: firefox on WINDOWS (b8bc937a-fc6e-4b29-9d0b-4a3998748608)] -> id: days]
Selected a month by using object:[[FirefoxDriver: firefox on WINDOWS (b8bc937a-fc6e-4b29-9d0b-4a3998748608)] -> id: months]
Selected a year by using object:[[FirefoxDriver: firefox on WINDOWS (b8bc937a-fc6e-4b29-9d0b-4a3998748608)] -> id: years]
Entered address by using object:[[FirefoxDriver: firefox on WINDOWS (b8bc937a-fc6e-4b29-9d0b-4a3998748608)] -> id: address1]
Entered city by using object:[[FirefoxDriver: firefox on WINDOWS (b8bc937a-fc6e-4b29-9d0b-4a3998748608)] -> id: city]
Selected state by using object:[[FirefoxDriver: firefox on WINDOWS (b8bc937a-fc6e-4b29-9d0b-4a3998748608)] -> id: id_state]
Entered zip code by using object:[[FirefoxDriver: firefox on WINDOWS (b8bc937a-fc6e-4b29-9d0b-4a3998748608)] -> id: postcode]
Selected country by using object:[[FirefoxDriver: firefox on WINDOWS (b8bc937a-fc6e-4b29-9d0b-4a3998748608)] -> id: id_country]
Entered phone number by using object:[[FirefoxDriver: firefox on WINDOWS (b8bc937a-fc6e-4b29-9d0b-4a3998748608)] -> id: phone_mobile]
Entered alias address by using object:[[FirefoxDriver: firefox on WINDOWS (b8bc937a-fc6e-4b29-9d0b-4a3998748608)] -> id: alias]
Clicked on Registration by using object:Proxy element for: DefaultElementLocator 'By.id: submitAccount'
Verified my account page by using object:[[FirefoxDriver: firefox on WINDOWS (b8bc937a-fc6e-4b29-9d0b-4a3998748608)] -> xpath: //h1[text()='My account']]
***End of TC001_CustomerRegistration
***Starting TC001_CustomerRegistration***
Clicked on SignIn button with object:[[FirefoxDriver: firefox on WINDOWS (be275f40-cb37-4812-8908-e2117d2eab6b)] -> link text: Sign in]
***Starting TC001_CustomerRegistration***
Clicked on SignIn button with object:[[FirefoxDriver: firefox on WINDOWS (1fe2c216-1c94-4c58-a889-13438a6e4114)] -> link text: Sign in]
Entered Email ID:qatest8529@gmail.comusing object[[FirefoxDriver: firefox on WINDOWS (1fe2c216-1c94-4c58-a889-13438a6e4114)] -> id: email_create]
Clicked on Create an Account:[[FirefoxDriver: firefox on WINDOWS (1fe2c216-1c94-4c58-a889-13438a6e4114)] -> id: SubmitCreate]
Verified customer info page by using object:[[FirefoxDriver: firefox on WINDOWS (1fe2c216-1c94-4c58-a889-13438a6e4114)] -> xpath: //h1[text()='Create an account']]
Clicked on radion button by using object:[[FirefoxDriver: firefox on WINDOWS (1fe2c216-1c94-4c58-a889-13438a6e4114)] -> id: id_gender1]
Entered first name by using object:[[FirefoxDriver: firefox on WINDOWS (1fe2c216-1c94-4c58-a889-13438a6e4114)] -> id: customer_firstname]
Entered last name bu using object:[[FirefoxDriver: firefox on WINDOWS (1fe2c216-1c94-4c58-a889-13438a6e4114)] -> id: customer_lastname]
Password entered by using object:[[FirefoxDriver: firefox on WINDOWS (1fe2c216-1c94-4c58-a889-13438a6e4114)] -> id: passwd]
Selected a day by using object:[[FirefoxDriver: firefox on WINDOWS (1fe2c216-1c94-4c58-a889-13438a6e4114)] -> id: days]
Selected a month by using object:[[FirefoxDriver: firefox on WINDOWS (1fe2c216-1c94-4c58-a889-13438a6e4114)] -> id: months]
Selected a year by using object:[[FirefoxDriver: firefox on WINDOWS (1fe2c216-1c94-4c58-a889-13438a6e4114)] -> id: years]
Entered address by using object:[[FirefoxDriver: firefox on WINDOWS (1fe2c216-1c94-4c58-a889-13438a6e4114)] -> id: address1]
Entered city by using object:[[FirefoxDriver: firefox on WINDOWS (1fe2c216-1c94-4c58-a889-13438a6e4114)] -> id: city]
Selected state by using object:[[FirefoxDriver: firefox on WINDOWS (1fe2c216-1c94-4c58-a889-13438a6e4114)] -> id: id_state]
Entered zip code by using object:[[FirefoxDriver: firefox on WINDOWS (1fe2c216-1c94-4c58-a889-13438a6e4114)] -> id: postcode]
Selected country by using object:[[FirefoxDriver: firefox on WINDOWS (1fe2c216-1c94-4c58-a889-13438a6e4114)] -> id: id_country]
Entered phone number by using object:[[FirefoxDriver: firefox on WINDOWS (1fe2c216-1c94-4c58-a889-13438a6e4114)] -> id: phone_mobile]
Entered alias address by using object:[[FirefoxDriver: firefox on WINDOWS (1fe2c216-1c94-4c58-a889-13438a6e4114)] -> id: alias]
Clicked on Registration by using object:Proxy element for: DefaultElementLocator 'By.id: submitAccount'
Verified my account page by using object:[[FirefoxDriver: firefox on WINDOWS (1fe2c216-1c94-4c58-a889-13438a6e4114)] -> xpath: //h1[text()='My account']]
***End of TC001_CustomerRegistration
***Starting TC001_CustomerRegistration***
Clicked on SignIn button with object:[[FirefoxDriver: firefox on WINDOWS (85ca9cde-e0a7-4958-938c-af4a26cf9204)] -> link text: Sign in]
Entered Email ID:qatest264@gmail.comusing object[[FirefoxDriver: firefox on WINDOWS (85ca9cde-e0a7-4958-938c-af4a26cf9204)] -> id: email_create]
Clicked on Create an Account:[[FirefoxDriver: firefox on WINDOWS (85ca9cde-e0a7-4958-938c-af4a26cf9204)] -> id: SubmitCreate]
Verified customer info page by using object:[[FirefoxDriver: firefox on WINDOWS (85ca9cde-e0a7-4958-938c-af4a26cf9204)] -> xpath: //h1[text()='Create an account']]
Clicked on radion button by using object:[[FirefoxDriver: firefox on WINDOWS (85ca9cde-e0a7-4958-938c-af4a26cf9204)] -> id: id_gender1]
Entered first name by using object:[[FirefoxDriver: firefox on WINDOWS (85ca9cde-e0a7-4958-938c-af4a26cf9204)] -> id: customer_firstname]
Entered last name bu using object:[[FirefoxDriver: firefox on WINDOWS (85ca9cde-e0a7-4958-938c-af4a26cf9204)] -> id: customer_lastname]
Password entered by using object:[[FirefoxDriver: firefox on WINDOWS (85ca9cde-e0a7-4958-938c-af4a26cf9204)] -> id: passwd]
Selected a day by using object:[[FirefoxDriver: firefox on WINDOWS (85ca9cde-e0a7-4958-938c-af4a26cf9204)] -> id: days]
Selected a month by using object:[[FirefoxDriver: firefox on WINDOWS (85ca9cde-e0a7-4958-938c-af4a26cf9204)] -> id: months]
Selected a year by using object:[[FirefoxDriver: firefox on WINDOWS (85ca9cde-e0a7-4958-938c-af4a26cf9204)] -> id: years]
Entered address by using object:[[FirefoxDriver: firefox on WINDOWS (85ca9cde-e0a7-4958-938c-af4a26cf9204)] -> id: address1]
Entered city by using object:[[FirefoxDriver: firefox on WINDOWS (85ca9cde-e0a7-4958-938c-af4a26cf9204)] -> id: city]
Selected state by using object:[[FirefoxDriver: firefox on WINDOWS (85ca9cde-e0a7-4958-938c-af4a26cf9204)] -> id: id_state]
Entered zip code by using object:[[FirefoxDriver: firefox on WINDOWS (85ca9cde-e0a7-4958-938c-af4a26cf9204)] -> id: postcode]
Selected country by using object:[[FirefoxDriver: firefox on WINDOWS (85ca9cde-e0a7-4958-938c-af4a26cf9204)] -> id: id_country]
Entered phone number by using object:[[FirefoxDriver: firefox on WINDOWS (85ca9cde-e0a7-4958-938c-af4a26cf9204)] -> id: phone_mobile]
Entered alias address by using object:[[FirefoxDriver: firefox on WINDOWS (85ca9cde-e0a7-4958-938c-af4a26cf9204)] -> id: alias]
Clicked on Registration by using object:Proxy element for: DefaultElementLocator 'By.id: submitAccount'
Verified my account page by using object:[[FirefoxDriver: firefox on WINDOWS (85ca9cde-e0a7-4958-938c-af4a26cf9204)] -> xpath: //h1[text()='My account']]
***End of TC001_CustomerRegistration
***Starting TC001_CustomerRegistration***
Clicked on SignIn button with object:[[FirefoxDriver: firefox on WINDOWS (67280e69-d2cf-4f96-ab17-9feea6a46e10)] -> link text: Sign in]
Entered Email ID:qatest3778@gmail.comusing object[[FirefoxDriver: firefox on WINDOWS (67280e69-d2cf-4f96-ab17-9feea6a46e10)] -> id: email_create]
Clicked on Create an Account:[[FirefoxDriver: firefox on WINDOWS (67280e69-d2cf-4f96-ab17-9feea6a46e10)] -> id: SubmitCreate]
Verified customer info page by using object:[[FirefoxDriver: firefox on WINDOWS (67280e69-d2cf-4f96-ab17-9feea6a46e10)] -> xpath: //h1[text()='Create an account']]
Clicked on radion button by using object:[[FirefoxDriver: firefox on WINDOWS (67280e69-d2cf-4f96-ab17-9feea6a46e10)] -> id: id_gender1]
Entered first name by using object:[[FirefoxDriver: firefox on WINDOWS (67280e69-d2cf-4f96-ab17-9feea6a46e10)] -> id: customer_firstname]
Entered last name bu using object:[[FirefoxDriver: firefox on WINDOWS (67280e69-d2cf-4f96-ab17-9feea6a46e10)] -> id: customer_lastname]
Password entered by using object:[[FirefoxDriver: firefox on WINDOWS (67280e69-d2cf-4f96-ab17-9feea6a46e10)] -> id: passwd]
Selected a day by using object:[[FirefoxDriver: firefox on WINDOWS (67280e69-d2cf-4f96-ab17-9feea6a46e10)] -> id: days]
Selected a month by using object:[[FirefoxDriver: firefox on WINDOWS (67280e69-d2cf-4f96-ab17-9feea6a46e10)] -> id: months]
Selected a year by using object:[[FirefoxDriver: firefox on WINDOWS (67280e69-d2cf-4f96-ab17-9feea6a46e10)] -> id: years]
Entered address by using object:[[FirefoxDriver: firefox on WINDOWS (67280e69-d2cf-4f96-ab17-9feea6a46e10)] -> id: address1]
Entered city by using object:[[FirefoxDriver: firefox on WINDOWS (67280e69-d2cf-4f96-ab17-9feea6a46e10)] -> id: city]
Selected state by using object:[[FirefoxDriver: firefox on WINDOWS (67280e69-d2cf-4f96-ab17-9feea6a46e10)] -> id: id_state]
Entered zip code by using object:[[FirefoxDriver: firefox on WINDOWS (67280e69-d2cf-4f96-ab17-9feea6a46e10)] -> id: postcode]
Selected country by using object:[[FirefoxDriver: firefox on WINDOWS (67280e69-d2cf-4f96-ab17-9feea6a46e10)] -> id: id_country]
Entered phone number by using object:[[FirefoxDriver: firefox on WINDOWS (67280e69-d2cf-4f96-ab17-9feea6a46e10)] -> id: phone_mobile]
Entered alias address by using object:[[FirefoxDriver: firefox on WINDOWS (67280e69-d2cf-4f96-ab17-9feea6a46e10)] -> id: alias]
Clicked on Registration by using object:Proxy element for: DefaultElementLocator 'By.id: submitAccount'
Verified my account page by using object:[[FirefoxDriver: firefox on WINDOWS (67280e69-d2cf-4f96-ab17-9feea6a46e10)] -> xpath: //h1[text()='My account']]
***End of TC001_CustomerRegistration
***Starting TC001_CustomerRegistration***
Clicked on SignIn button with object:[[FirefoxDriver: firefox on WINDOWS (cd24cfc0-2ad1-4c30-ac89-5543115c9028)] -> link text: Sign in]
Entered Email ID:qatest8965@gmail.comusing object[[FirefoxDriver: firefox on WINDOWS (cd24cfc0-2ad1-4c30-ac89-5543115c9028)] -> id: email_create]
Clicked on Create an Account:[[FirefoxDriver: firefox on WINDOWS (cd24cfc0-2ad1-4c30-ac89-5543115c9028)] -> id: SubmitCreate]
Verified customer info page by using object:[[FirefoxDriver: firefox on WINDOWS (cd24cfc0-2ad1-4c30-ac89-5543115c9028)] -> xpath: //h1[text()='Create an account']]
Clicked on radion button by using object:[[FirefoxDriver: firefox on WINDOWS (cd24cfc0-2ad1-4c30-ac89-5543115c9028)] -> id: id_gender1]
Entered first name by using object:[[FirefoxDriver: firefox on WINDOWS (cd24cfc0-2ad1-4c30-ac89-5543115c9028)] -> id: customer_firstname]
Entered last name bu using object:[[FirefoxDriver: firefox on WINDOWS (cd24cfc0-2ad1-4c30-ac89-5543115c9028)] -> id: customer_lastname]
Password entered by using object:[[FirefoxDriver: firefox on WINDOWS (cd24cfc0-2ad1-4c30-ac89-5543115c9028)] -> id: passwd]
Selected a day by using object:[[FirefoxDriver: firefox on WINDOWS (cd24cfc0-2ad1-4c30-ac89-5543115c9028)] -> id: days]
Selected a month by using object:[[FirefoxDriver: firefox on WINDOWS (cd24cfc0-2ad1-4c30-ac89-5543115c9028)] -> id: months]
Selected a year by using object:[[FirefoxDriver: firefox on WINDOWS (cd24cfc0-2ad1-4c30-ac89-5543115c9028)] -> id: years]
Entered address by using object:[[FirefoxDriver: firefox on WINDOWS (cd24cfc0-2ad1-4c30-ac89-5543115c9028)] -> id: address1]
Entered city by using object:[[FirefoxDriver: firefox on WINDOWS (cd24cfc0-2ad1-4c30-ac89-5543115c9028)] -> id: city]
Selected state by using object:[[FirefoxDriver: firefox on WINDOWS (cd24cfc0-2ad1-4c30-ac89-5543115c9028)] -> id: id_state]
Entered zip code by using object:[[FirefoxDriver: firefox on WINDOWS (cd24cfc0-2ad1-4c30-ac89-5543115c9028)] -> id: postcode]
Selected country by using object:[[FirefoxDriver: firefox on WINDOWS (cd24cfc0-2ad1-4c30-ac89-5543115c9028)] -> id: id_country]
Entered phone number by using object:[[FirefoxDriver: firefox on WINDOWS (cd24cfc0-2ad1-4c30-ac89-5543115c9028)] -> id: phone_mobile]
Entered alias address by using object:[[FirefoxDriver: firefox on WINDOWS (cd24cfc0-2ad1-4c30-ac89-5543115c9028)] -> id: alias]
Clicked on Registration by using object:Proxy element for: DefaultElementLocator 'By.id: submitAccount'
Verified my account page by using object:[[FirefoxDriver: firefox on WINDOWS (cd24cfc0-2ad1-4c30-ac89-5543115c9028)] -> xpath: //h1[text()='My account']]
***End of TC001_CustomerRegistration
***Starting TC001_CustomerRegistration***
Clicked on SignIn button with object:[[FirefoxDriver: firefox on WINDOWS (a65145bd-032b-4b6e-b5a7-04efed810aba)] -> link text: Sign in]
Entered Email ID:qatest9063@gmail.comusing object[[FirefoxDriver: firefox on WINDOWS (a65145bd-032b-4b6e-b5a7-04efed810aba)] -> id: email_create]
Clicked on Create an Account:[[FirefoxDriver: firefox on WINDOWS (a65145bd-032b-4b6e-b5a7-04efed810aba)] -> id: SubmitCreate]
Verified customer info page by using object:[[FirefoxDriver: firefox on WINDOWS (a65145bd-032b-4b6e-b5a7-04efed810aba)] -> xpath: //h1[text()='Create an account']]
Clicked on radion button by using object:[[FirefoxDriver: firefox on WINDOWS (a65145bd-032b-4b6e-b5a7-04efed810aba)] -> id: id_gender1]
Entered first name by using object:[[FirefoxDriver: firefox on WINDOWS (a65145bd-032b-4b6e-b5a7-04efed810aba)] -> id: customer_firstname]
Entered last name bu using object:[[FirefoxDriver: firefox on WINDOWS (a65145bd-032b-4b6e-b5a7-04efed810aba)] -> id: customer_lastname]
Password entered by using object:[[FirefoxDriver: firefox on WINDOWS (a65145bd-032b-4b6e-b5a7-04efed810aba)] -> id: passwd]
Selected a day by using object:[[FirefoxDriver: firefox on WINDOWS (a65145bd-032b-4b6e-b5a7-04efed810aba)] -> id: days]
Selected a month by using object:[[FirefoxDriver: firefox on WINDOWS (a65145bd-032b-4b6e-b5a7-04efed810aba)] -> id: months]
Selected a year by using object:[[FirefoxDriver: firefox on WINDOWS (a65145bd-032b-4b6e-b5a7-04efed810aba)] -> id: years]
Entered address by using object:[[FirefoxDriver: firefox on WINDOWS (a65145bd-032b-4b6e-b5a7-04efed810aba)] -> id: address1]
Entered city by using object:[[FirefoxDriver: firefox on WINDOWS (a65145bd-032b-4b6e-b5a7-04efed810aba)] -> id: city]
Selected state by using object:[[FirefoxDriver: firefox on WINDOWS (a65145bd-032b-4b6e-b5a7-04efed810aba)] -> id: id_state]
Entered zip code by using object:[[FirefoxDriver: firefox on WINDOWS (a65145bd-032b-4b6e-b5a7-04efed810aba)] -> id: postcode]
Selected country by using object:[[FirefoxDriver: firefox on WINDOWS (a65145bd-032b-4b6e-b5a7-04efed810aba)] -> id: id_country]
Entered phone number by using object:[[FirefoxDriver: firefox on WINDOWS (a65145bd-032b-4b6e-b5a7-04efed810aba)] -> id: phone_mobile]
Entered alias address by using object:[[FirefoxDriver: firefox on WINDOWS (a65145bd-032b-4b6e-b5a7-04efed810aba)] -> id: alias]
Clicked on Registration by using object:[[FirefoxDriver: firefox on WINDOWS (a65145bd-032b-4b6e-b5a7-04efed810aba)] -> id: submitAccount]
Verified my account page by using object:[[FirefoxDriver: firefox on WINDOWS (a65145bd-032b-4b6e-b5a7-04efed810aba)] -> xpath: //h1[text()='My account']]
***End of TC001_CustomerRegistration
***Starting TC001_CustomerRegistration***
Clicked on SignIn button with object:[[FirefoxDriver: firefox on WINDOWS (03b74af0-0d31-4a28-a416-972fd3a7fb71)] -> link text: Sign in]
***Starting TC001_CustomerRegistration***
Clicked on SignIn button with object:[[FirefoxDriver: firefox on WINDOWS (0d228a75-fdb5-41a4-ae20-f330424ff89a)] -> link text: Sign in]
Entered Email ID:qatest4007@gmail.comusing object[[FirefoxDriver: firefox on WINDOWS (0d228a75-fdb5-41a4-ae20-f330424ff89a)] -> id: email_create]
Clicked on Create an Account:[[FirefoxDriver: firefox on WINDOWS (0d228a75-fdb5-41a4-ae20-f330424ff89a)] -> id: SubmitCreate]
Verified customer info page by using object:[[FirefoxDriver: firefox on WINDOWS (0d228a75-fdb5-41a4-ae20-f330424ff89a)] -> xpath: //h1[text()='Create an account']]
Clicked on radion button by using object:[[FirefoxDriver: firefox on WINDOWS (0d228a75-fdb5-41a4-ae20-f330424ff89a)] -> id: id_gender1]
Entered first name by using object:[[FirefoxDriver: firefox on WINDOWS (0d228a75-fdb5-41a4-ae20-f330424ff89a)] -> id: customer_firstname]
Entered last name bu using object:[[FirefoxDriver: firefox on WINDOWS (0d228a75-fdb5-41a4-ae20-f330424ff89a)] -> id: customer_lastname]
Password entered by using object:[[FirefoxDriver: firefox on WINDOWS (0d228a75-fdb5-41a4-ae20-f330424ff89a)] -> id: passwd]
Selected a day by using object:[[FirefoxDriver: firefox on WINDOWS (0d228a75-fdb5-41a4-ae20-f330424ff89a)] -> id: days]
Selected a month by using object:[[FirefoxDriver: firefox on WINDOWS (0d228a75-fdb5-41a4-ae20-f330424ff89a)] -> id: months]
Selected a year by using object:[[FirefoxDriver: firefox on WINDOWS (0d228a75-fdb5-41a4-ae20-f330424ff89a)] -> id: years]
Entered address by using object:[[FirefoxDriver: firefox on WINDOWS (0d228a75-fdb5-41a4-ae20-f330424ff89a)] -> id: address1]
Entered city by using object:[[FirefoxDriver: firefox on WINDOWS (0d228a75-fdb5-41a4-ae20-f330424ff89a)] -> id: city]
Selected state by using object:[[FirefoxDriver: firefox on WINDOWS (0d228a75-fdb5-41a4-ae20-f330424ff89a)] -> id: id_state]
Entered zip code by using object:[[FirefoxDriver: firefox on WINDOWS (0d228a75-fdb5-41a4-ae20-f330424ff89a)] -> id: postcode]
Selected country by using object:[[FirefoxDriver: firefox on WINDOWS (0d228a75-fdb5-41a4-ae20-f330424ff89a)] -> id: id_country]
Entered phone number by using object:[[FirefoxDriver: firefox on WINDOWS (0d228a75-fdb5-41a4-ae20-f330424ff89a)] -> id: phone_mobile]
Entered alias address by using object:[[FirefoxDriver: firefox on WINDOWS (0d228a75-fdb5-41a4-ae20-f330424ff89a)] -> id: alias]
Clicked on Registration by using object:Proxy element for: DefaultElementLocator 'By.id: submitAccount'
Verified my account page by using object:[[FirefoxDriver: firefox on WINDOWS (0d228a75-fdb5-41a4-ae20-f330424ff89a)] -> xpath: //h1[text()='My account']]
***End of TC001_CustomerRegistration
***Starting TC001_CustomerRegistration***
Clicked on SignIn button with object:[[FirefoxDriver: firefox on WINDOWS (fd5dde48-536e-4579-ae9d-2d370dae1fd5)] -> link text: Sign in]
Entered Email ID:qatest6906@gmail.comusing object[[FirefoxDriver: firefox on WINDOWS (fd5dde48-536e-4579-ae9d-2d370dae1fd5)] -> id: email_create]
Clicked on Create an Account:[[FirefoxDriver: firefox on WINDOWS (fd5dde48-536e-4579-ae9d-2d370dae1fd5)] -> id: SubmitCreate]
Verified customer info page by using object:[[FirefoxDriver: firefox on WINDOWS (fd5dde48-536e-4579-ae9d-2d370dae1fd5)] -> xpath: //h1[text()='Create an account']]
Clicked on radion button by using object:[[FirefoxDriver: firefox on WINDOWS (fd5dde48-536e-4579-ae9d-2d370dae1fd5)] -> id: id_gender1]
Entered first name by using object:[[FirefoxDriver: firefox on WINDOWS (fd5dde48-536e-4579-ae9d-2d370dae1fd5)] -> id: customer_firstname]
Entered last name bu using object:[[FirefoxDriver: firefox on WINDOWS (fd5dde48-536e-4579-ae9d-2d370dae1fd5)] -> id: customer_lastname]
Password entered by using object:[[FirefoxDriver: firefox on WINDOWS (fd5dde48-536e-4579-ae9d-2d370dae1fd5)] -> id: passwd]
Selected a day by using object:[[FirefoxDriver: firefox on WINDOWS (fd5dde48-536e-4579-ae9d-2d370dae1fd5)] -> id: days]
Selected a month by using object:[[FirefoxDriver: firefox on WINDOWS (fd5dde48-536e-4579-ae9d-2d370dae1fd5)] -> id: months]
Selected a year by using object:[[FirefoxDriver: firefox on WINDOWS (fd5dde48-536e-4579-ae9d-2d370dae1fd5)] -> id: years]
Entered address by using object:[[FirefoxDriver: firefox on WINDOWS (fd5dde48-536e-4579-ae9d-2d370dae1fd5)] -> id: address1]
Entered city by using object:[[FirefoxDriver: firefox on WINDOWS (fd5dde48-536e-4579-ae9d-2d370dae1fd5)] -> id: city]
Selected state by using object:[[FirefoxDriver: firefox on WINDOWS (fd5dde48-536e-4579-ae9d-2d370dae1fd5)] -> id: id_state]
Entered zip code by using object:[[FirefoxDriver: firefox on WINDOWS (fd5dde48-536e-4579-ae9d-2d370dae1fd5)] -> id: postcode]
Selected country by using object:[[FirefoxDriver: firefox on WINDOWS (fd5dde48-536e-4579-ae9d-2d370dae1fd5)] -> id: id_country]
Entered phone number by using object:[[FirefoxDriver: firefox on WINDOWS (fd5dde48-536e-4579-ae9d-2d370dae1fd5)] -> id: phone_mobile]
Entered alias address by using object:[[FirefoxDriver: firefox on WINDOWS (fd5dde48-536e-4579-ae9d-2d370dae1fd5)] -> id: alias]
Clicked on Registration by using object:Proxy element for: DefaultElementLocator 'By.id: submitAccount'
Verified my account page by using object:[[FirefoxDriver: firefox on WINDOWS (fd5dde48-536e-4579-ae9d-2d370dae1fd5)] -> xpath: //h1[text()='My account']]
***End of TC001_CustomerRegistration
***Starting TC001_CustomerRegistration***
Clicked on SignIn button with object:[[FirefoxDriver: firefox on WINDOWS (b925a261-9687-440e-8cfa-6ac15495e2cd)] -> link text: Sign in]
Entered Email ID:qatest2490@gmail.comusing object[[FirefoxDriver: firefox on WINDOWS (b925a261-9687-440e-8cfa-6ac15495e2cd)] -> id: email_create]
Clicked on Create an Account:[[FirefoxDriver: firefox on WINDOWS (b925a261-9687-440e-8cfa-6ac15495e2cd)] -> id: SubmitCreate]
Verified customer info page by using object:[[FirefoxDriver: firefox on WINDOWS (b925a261-9687-440e-8cfa-6ac15495e2cd)] -> xpath: //h1[text()='Create an account']]
Clicked on radion button by using object:[[FirefoxDriver: firefox on WINDOWS (b925a261-9687-440e-8cfa-6ac15495e2cd)] -> id: id_gender1]
Entered first name by using object:[[FirefoxDriver: firefox on WINDOWS (b925a261-9687-440e-8cfa-6ac15495e2cd)] -> id: customer_firstname]
Entered last name bu using object:[[FirefoxDriver: firefox on WINDOWS (b925a261-9687-440e-8cfa-6ac15495e2cd)] -> id: customer_lastname]
Password entered by using object:[[FirefoxDriver: firefox on WINDOWS (b925a261-9687-440e-8cfa-6ac15495e2cd)] -> id: passwd]
Selected a day by using object:[[FirefoxDriver: firefox on WINDOWS (b925a261-9687-440e-8cfa-6ac15495e2cd)] -> id: days]
Selected a month by using object:[[FirefoxDriver: firefox on WINDOWS (b925a261-9687-440e-8cfa-6ac15495e2cd)] -> id: months]
Selected a year by using object:[[FirefoxDriver: firefox on WINDOWS (b925a261-9687-440e-8cfa-6ac15495e2cd)] -> id: years]
Entered address by using object:[[FirefoxDriver: firefox on WINDOWS (b925a261-9687-440e-8cfa-6ac15495e2cd)] -> id: address1]
Entered city by using object:[[FirefoxDriver: firefox on WINDOWS (b925a261-9687-440e-8cfa-6ac15495e2cd)] -> id: city]
Selected state by using object:[[FirefoxDriver: firefox on WINDOWS (b925a261-9687-440e-8cfa-6ac15495e2cd)] -> id: id_state]
Entered zip code by using object:[[FirefoxDriver: firefox on WINDOWS (b925a261-9687-440e-8cfa-6ac15495e2cd)] -> id: postcode]
Selected country by using object:[[FirefoxDriver: firefox on WINDOWS (b925a261-9687-440e-8cfa-6ac15495e2cd)] -> id: id_country]
Entered phone number by using object:[[FirefoxDriver: firefox on WINDOWS (b925a261-9687-440e-8cfa-6ac15495e2cd)] -> id: phone_mobile]
Entered alias address by using object:[[FirefoxDriver: firefox on WINDOWS (b925a261-9687-440e-8cfa-6ac15495e2cd)] -> id: alias]
Clicked on Registration by using object:Proxy element for: DefaultElementLocator 'By.id: submitAccount'
Verified my account page by using object:[[FirefoxDriver: firefox on WINDOWS (b925a261-9687-440e-8cfa-6ac15495e2cd)] -> xpath: //h1[text()='My account']]
***End of TC001_CustomerRegistration
***Starting TC001_CustomerRegistration***
Clicked on SignIn button with object:[[FirefoxDriver: firefox on WINDOWS (801e9d0d-8eb7-46ba-b370-c1e921a0d49a)] -> link text: Sign in]
Entered Email ID:qatest9167@gmail.comusing object[[FirefoxDriver: firefox on WINDOWS (801e9d0d-8eb7-46ba-b370-c1e921a0d49a)] -> id: email_create]
Clicked on Create an Account:[[FirefoxDriver: firefox on WINDOWS (801e9d0d-8eb7-46ba-b370-c1e921a0d49a)] -> id: SubmitCreate]
Verified customer info page by using object:[[FirefoxDriver: firefox on WINDOWS (801e9d0d-8eb7-46ba-b370-c1e921a0d49a)] -> xpath: //h1[text()='Create an account']]
Clicked on radion button by using object:[[FirefoxDriver: firefox on WINDOWS (801e9d0d-8eb7-46ba-b370-c1e921a0d49a)] -> id: id_gender1]
Entered first name by using object:[[FirefoxDriver: firefox on WINDOWS (801e9d0d-8eb7-46ba-b370-c1e921a0d49a)] -> id: customer_firstname]
Entered last name bu using object:[[FirefoxDriver: firefox on WINDOWS (801e9d0d-8eb7-46ba-b370-c1e921a0d49a)] -> id: customer_lastname]
Password entered by using object:[[FirefoxDriver: firefox on WINDOWS (801e9d0d-8eb7-46ba-b370-c1e921a0d49a)] -> id: passwd]
Selected a day by using object:[[FirefoxDriver: firefox on WINDOWS (801e9d0d-8eb7-46ba-b370-c1e921a0d49a)] -> id: days]
Selected a month by using object:[[FirefoxDriver: firefox on WINDOWS (801e9d0d-8eb7-46ba-b370-c1e921a0d49a)] -> id: months]
Selected a year by using object:[[FirefoxDriver: firefox on WINDOWS (801e9d0d-8eb7-46ba-b370-c1e921a0d49a)] -> id: years]
Entered address by using object:[[FirefoxDriver: firefox on WINDOWS (801e9d0d-8eb7-46ba-b370-c1e921a0d49a)] -> id: address1]
Entered city by using object:[[FirefoxDriver: firefox on WINDOWS (801e9d0d-8eb7-46ba-b370-c1e921a0d49a)] -> id: city]
Selected state by using object:[[FirefoxDriver: firefox on WINDOWS (801e9d0d-8eb7-46ba-b370-c1e921a0d49a)] -> id: id_state]
Entered zip code by using object:[[FirefoxDriver: firefox on WINDOWS (801e9d0d-8eb7-46ba-b370-c1e921a0d49a)] -> id: postcode]
Selected country by using object:[[FirefoxDriver: firefox on WINDOWS (801e9d0d-8eb7-46ba-b370-c1e921a0d49a)] -> id: id_country]
Entered phone number by using object:[[FirefoxDriver: firefox on WINDOWS (801e9d0d-8eb7-46ba-b370-c1e921a0d49a)] -> id: phone_mobile]
Entered alias address by using object:[[FirefoxDriver: firefox on WINDOWS (801e9d0d-8eb7-46ba-b370-c1e921a0d49a)] -> id: alias]
Clicked on Registration by using object:[[FirefoxDriver: firefox on WINDOWS (801e9d0d-8eb7-46ba-b370-c1e921a0d49a)] -> id: submitAccount]
Verified my account page by using object:[[FirefoxDriver: firefox on WINDOWS (801e9d0d-8eb7-46ba-b370-c1e921a0d49a)] -> xpath: //h1[text()='My account']]
***End of TC001_CustomerRegistration
***Starting TC001_CustomerRegistration***
Clicked on SignIn button with object:[[FirefoxDriver: firefox on WINDOWS (94ed9f85-0bad-4013-a42f-28b2962b7e91)] -> link text: Sign in]
Entered Email ID:qatest2660@gmail.comusing object[[FirefoxDriver: firefox on WINDOWS (94ed9f85-0bad-4013-a42f-28b2962b7e91)] -> id: email_create]
***Starting TC001_CustomerRegistration***
Clicked on SignIn button with object:[[FirefoxDriver: firefox on WINDOWS (2adac6c5-a2d7-4667-b6cd-1a12fd758bd3)] -> link text: Sign in]
Entered Email ID:qatest7857@gmail.comusing object[[FirefoxDriver: firefox on WINDOWS (2adac6c5-a2d7-4667-b6cd-1a12fd758bd3)] -> id: email_create]
***Starting TC001_CustomerRegistration***
Clicked on SignIn button with object:[[FirefoxDriver: firefox on WINDOWS (deb5b81e-b02b-4513-b275-23789ae1f7d9)] -> link text: Sign in]
Entered Email ID:qatest542@gmail.comusing object[[FirefoxDriver: firefox on WINDOWS (deb5b81e-b02b-4513-b275-23789ae1f7d9)] -> id: email_create]
***Starting TC001_CustomerRegistration***
Clicked on SignIn button with object:[[FirefoxDriver: firefox on WINDOWS (9e9a5acf-d068-43bf-a081-c6e5cc3325b7)] -> link text: Sign in]
Entered Email ID:qatest6649@gmail.comusing object[[FirefoxDriver: firefox on WINDOWS (9e9a5acf-d068-43bf-a081-c6e5cc3325b7)] -> id: email_create]
Clicked on Create an Account:[[FirefoxDriver: firefox on WINDOWS (9e9a5acf-d068-43bf-a081-c6e5cc3325b7)] -> id: SubmitCreate]
Verified customer info page by using object:[[FirefoxDriver: firefox on WINDOWS (9e9a5acf-d068-43bf-a081-c6e5cc3325b7)] -> xpath: //h1[text()='Create an account']]
Clicked on radion button by using object:[[FirefoxDriver: firefox on WINDOWS (9e9a5acf-d068-43bf-a081-c6e5cc3325b7)] -> id: id_gender1]
Entered first name by using object:[[FirefoxDriver: firefox on WINDOWS (9e9a5acf-d068-43bf-a081-c6e5cc3325b7)] -> id: customer_firstname]
Entered last name bu using object:[[FirefoxDriver: firefox on WINDOWS (9e9a5acf-d068-43bf-a081-c6e5cc3325b7)] -> id: customer_lastname]
Password entered by using object:[[FirefoxDriver: firefox on WINDOWS (9e9a5acf-d068-43bf-a081-c6e5cc3325b7)] -> id: passwd]
Selected a day by using object:[[FirefoxDriver: firefox on WINDOWS (9e9a5acf-d068-43bf-a081-c6e5cc3325b7)] -> id: days]
Selected a month by using object:[[FirefoxDriver: firefox on WINDOWS (9e9a5acf-d068-43bf-a081-c6e5cc3325b7)] -> id: months]
Selected a year by using object:[[FirefoxDriver: firefox on WINDOWS (9e9a5acf-d068-43bf-a081-c6e5cc3325b7)] -> id: years]
Entered address by using object:[[FirefoxDriver: firefox on WINDOWS (9e9a5acf-d068-43bf-a081-c6e5cc3325b7)] -> id: address1]
Entered city by using object:[[FirefoxDriver: firefox on WINDOWS (9e9a5acf-d068-43bf-a081-c6e5cc3325b7)] -> id: city]
Selected state by using object:[[FirefoxDriver: firefox on WINDOWS (9e9a5acf-d068-43bf-a081-c6e5cc3325b7)] -> id: id_state]
Entered zip code by using object:[[FirefoxDriver: firefox on WINDOWS (9e9a5acf-d068-43bf-a081-c6e5cc3325b7)] -> id: postcode]
Selected country by using object:[[FirefoxDriver: firefox on WINDOWS (9e9a5acf-d068-43bf-a081-c6e5cc3325b7)] -> id: id_country]
Entered phone number by using object:[[FirefoxDriver: firefox on WINDOWS (9e9a5acf-d068-43bf-a081-c6e5cc3325b7)] -> id: phone_mobile]
Entered alias address by using object:[[FirefoxDriver: firefox on WINDOWS (9e9a5acf-d068-43bf-a081-c6e5cc3325b7)] -> id: alias]
Clicked on Registration by using object:Proxy element for: DefaultElementLocator 'By.id: submitAccount'
Verified my account page by using object:[[FirefoxDriver: firefox on WINDOWS (9e9a5acf-d068-43bf-a081-c6e5cc3325b7)] -> xpath: //h1[text()='My account']]
***End of TC001_CustomerRegistration
***Starting TC001_CustomerRegistration***
Clicked on SignIn button with object:[[FirefoxDriver: firefox on WINDOWS (4aab697f-bc32-4868-b707-5af71688dc35)] -> link text: Sign in]
Entered Email ID:qatest6220@gmail.comusing object[[FirefoxDriver: firefox on WINDOWS (4aab697f-bc32-4868-b707-5af71688dc35)] -> id: email_create]
***Starting TC001_CustomerRegistration***
Clicked on SignIn button with object:[[FirefoxDriver: firefox on WINDOWS (4aab697f-bc32-4868-b707-5af71688dc35)] -> link text: Sign in]
Entered Email ID:qatest6112@gmail.comusing object[[FirefoxDriver: firefox on WINDOWS (4aab697f-bc32-4868-b707-5af71688dc35)] -> id: email_create]
***Starting TC001_CustomerRegistration***
Clicked on SignIn button with object:[[FirefoxDriver: firefox on WINDOWS (4aab697f-bc32-4868-b707-5af71688dc35)] -> link text: Sign in]
Entered Email ID:qatest5241@gmail.comusing object[[FirefoxDriver: firefox on WINDOWS (4aab697f-bc32-4868-b707-5af71688dc35)] -> id: email_create]
***Starting TC001_CustomerRegistration***
Clicked on SignIn button with object:[[FirefoxDriver: firefox on WINDOWS (4aab697f-bc32-4868-b707-5af71688dc35)] -> link text: Sign in]
Entered Email ID:qatest9387@gmail.comusing object[[FirefoxDriver: firefox on WINDOWS (4aab697f-bc32-4868-b707-5af71688dc35)] -> id: email_create]
***Starting TC001_CustomerRegistration***
Clicked on SignIn button with object:[[FirefoxDriver: firefox on WINDOWS (fb28576f-2972-4006-8dc8-3cecb293b321)] -> link text: Sign in]
Entered Email ID:qatest4705@gmail.comusing object[[FirefoxDriver: firefox on WINDOWS (fb28576f-2972-4006-8dc8-3cecb293b321)] -> id: email_create]
***Starting TC001_CustomerRegistration***
Clicked on SignIn button with object:[[FirefoxDriver: firefox on WINDOWS (fb28576f-2972-4006-8dc8-3cecb293b321)] -> link text: Sign in]
Entered Email ID:qatest1766@gmail.comusing object[[FirefoxDriver: firefox on WINDOWS (fb28576f-2972-4006-8dc8-3cecb293b321)] -> id: email_create]
***Starting TC001_CustomerRegistration***
Clicked on SignIn button with object:[[FirefoxDriver: firefox on WINDOWS (fb28576f-2972-4006-8dc8-3cecb293b321)] -> link text: Sign in]
Entered Email ID:qatest7425@gmail.comusing object[[FirefoxDriver: firefox on WINDOWS (fb28576f-2972-4006-8dc8-3cecb293b321)] -> id: email_create]
***Starting TC001_CustomerRegistration***
Clicked on SignIn button with object:[[FirefoxDriver: firefox on WINDOWS (fb28576f-2972-4006-8dc8-3cecb293b321)] -> link text: Sign in]
Entered Email ID:qatest5632@gmail.comusing object[[FirefoxDriver: firefox on WINDOWS (fb28576f-2972-4006-8dc8-3cecb293b321)] -> id: email_create]
***Starting TC001_CustomerRegistration***
Clicked on SignIn button with object:[[FirefoxDriver: firefox on WINDOWS (20851099-a550-46a3-8011-b3a6218e6795)] -> link text: Sign in]
Entered Email ID:qatest9736@gmail.comusing object[[FirefoxDriver: firefox on WINDOWS (20851099-a550-46a3-8011-b3a6218e6795)] -> id: email_create]
***Starting TC001_CustomerRegistration***
Clicked on SignIn button with object:[[FirefoxDriver: firefox on WINDOWS (20851099-a550-46a3-8011-b3a6218e6795)] -> link text: Sign in]
Entered Email ID:qatest2089@gmail.comusing object[[FirefoxDriver: firefox on WINDOWS (20851099-a550-46a3-8011-b3a6218e6795)] -> id: email_create]
***Starting TC001_CustomerRegistration***
Clicked on SignIn button with object:[[FirefoxDriver: firefox on WINDOWS (20851099-a550-46a3-8011-b3a6218e6795)] -> link text: Sign in]
Entered Email ID:qatest9370@gmail.comusing object[[FirefoxDriver: firefox on WINDOWS (20851099-a550-46a3-8011-b3a6218e6795)] -> id: email_create]
***Starting TC001_CustomerRegistration***
Clicked on SignIn button with object:[[FirefoxDriver: firefox on WINDOWS (20851099-a550-46a3-8011-b3a6218e6795)] -> link text: Sign in]
Entered Email ID:qatest7308@gmail.comusing object[[FirefoxDriver: firefox on WINDOWS (20851099-a550-46a3-8011-b3a6218e6795)] -> id: email_create]
***Starting TC001_CustomerRegistration***
Clicked on SignIn button with object:[[FirefoxDriver: firefox on WINDOWS (3ad25cff-b1a6-4358-8380-1c06391a3c17)] -> link text: Sign in]
Entered Email ID:qatest8800@gmail.comusing object[[FirefoxDriver: firefox on WINDOWS (3ad25cff-b1a6-4358-8380-1c06391a3c17)] -> id: email_create]
Clicked on Create an Account:[[FirefoxDriver: firefox on WINDOWS (3ad25cff-b1a6-4358-8380-1c06391a3c17)] -> id: SubmitCreate]
Verified customer info page by using object:[[FirefoxDriver: firefox on WINDOWS (3ad25cff-b1a6-4358-8380-1c06391a3c17)] -> xpath: //h1[text()='Create an account']]
Clicked on radion button by using object:[[FirefoxDriver: firefox on WINDOWS (3ad25cff-b1a6-4358-8380-1c06391a3c17)] -> id: id_gender1]
Entered first name by using object:[[FirefoxDriver: firefox on WINDOWS (3ad25cff-b1a6-4358-8380-1c06391a3c17)] -> id: customer_firstname]
Entered last name bu using object:[[FirefoxDriver: firefox on WINDOWS (3ad25cff-b1a6-4358-8380-1c06391a3c17)] -> id: customer_lastname]
Password entered by using object:[[FirefoxDriver: firefox on WINDOWS (3ad25cff-b1a6-4358-8380-1c06391a3c17)] -> id: passwd]
Selected a day by using object:[[FirefoxDriver: firefox on WINDOWS (3ad25cff-b1a6-4358-8380-1c06391a3c17)] -> id: days]
Selected a month by using object:[[FirefoxDriver: firefox on WINDOWS (3ad25cff-b1a6-4358-8380-1c06391a3c17)] -> id: months]
Selected a year by using object:[[FirefoxDriver: firefox on WINDOWS (3ad25cff-b1a6-4358-8380-1c06391a3c17)] -> id: years]
Entered address by using object:[[FirefoxDriver: firefox on WINDOWS (3ad25cff-b1a6-4358-8380-1c06391a3c17)] -> id: address1]
Entered city by using object:[[FirefoxDriver: firefox on WINDOWS (3ad25cff-b1a6-4358-8380-1c06391a3c17)] -> id: city]
Selected state by using object:[[FirefoxDriver: firefox on WINDOWS (3ad25cff-b1a6-4358-8380-1c06391a3c17)] -> id: id_state]
Entered zip code by using object:[[FirefoxDriver: firefox on WINDOWS (3ad25cff-b1a6-4358-8380-1c06391a3c17)] -> id: postcode]
Selected country by using object:[[FirefoxDriver: firefox on WINDOWS (3ad25cff-b1a6-4358-8380-1c06391a3c17)] -> id: id_country]
Entered phone number by using object:[[FirefoxDriver: firefox on WINDOWS (3ad25cff-b1a6-4358-8380-1c06391a3c17)] -> id: phone_mobile]
Entered alias address by using object:[[FirefoxDriver: firefox on WINDOWS (3ad25cff-b1a6-4358-8380-1c06391a3c17)] -> id: alias]
Clicked on Registration by using object:Proxy element for: DefaultElementLocator 'By.id: submitAccount'
Verified my account page by using object:[[FirefoxDriver: firefox on WINDOWS (3ad25cff-b1a6-4358-8380-1c06391a3c17)] -> xpath: //h1[text()='My account']]
***End of TC001_CustomerRegistration
***Starting TC001_CustomerRegistration***
Clicked on SignIn button with object:[[FirefoxDriver: firefox on WINDOWS (ae3fe964-ac1a-4a74-86e2-b7ec8f1a48d3)] -> link text: Sign in]
***Starting TC001_CustomerRegistration***
Clicked on SignIn button with object:[[FirefoxDriver: firefox on WINDOWS (ae3fe964-ac1a-4a74-86e2-b7ec8f1a48d3)] -> link text: Sign in]
***Starting TC001_CustomerRegistration***
Clicked on SignIn button with object:[[FirefoxDriver: firefox on WINDOWS (ae3fe964-ac1a-4a74-86e2-b7ec8f1a48d3)] -> link text: Sign in]
Entered Email ID:qatest4232@gmail.comusing object[[FirefoxDriver: firefox on WINDOWS (ae3fe964-ac1a-4a74-86e2-b7ec8f1a48d3)] -> id: email_create]
Clicked on Create an Account:[[FirefoxDriver: firefox on WINDOWS (ae3fe964-ac1a-4a74-86e2-b7ec8f1a48d3)] -> id: SubmitCreate]
Verified customer info page by using object:[[FirefoxDriver: firefox on WINDOWS (ae3fe964-ac1a-4a74-86e2-b7ec8f1a48d3)] -> xpath: //h1[text()='Create an account']]
Clicked on radion button by using object:[[FirefoxDriver: firefox on WINDOWS (ae3fe964-ac1a-4a74-86e2-b7ec8f1a48d3)] -> id: id_gender1]
Entered first name by using object:[[FirefoxDriver: firefox on WINDOWS (ae3fe964-ac1a-4a74-86e2-b7ec8f1a48d3)] -> id: customer_firstname]
Entered last name bu using object:[[FirefoxDriver: firefox on WINDOWS (ae3fe964-ac1a-4a74-86e2-b7ec8f1a48d3)] -> id: customer_lastname]
Password entered by using object:[[FirefoxDriver: firefox on WINDOWS (ae3fe964-ac1a-4a74-86e2-b7ec8f1a48d3)] -> id: passwd]
Selected a day by using object:[[FirefoxDriver: firefox on WINDOWS (ae3fe964-ac1a-4a74-86e2-b7ec8f1a48d3)] -> id: days]
Selected a month by using object:[[FirefoxDriver: firefox on WINDOWS (ae3fe964-ac1a-4a74-86e2-b7ec8f1a48d3)] -> id: months]
Selected a year by using object:[[FirefoxDriver: firefox on WINDOWS (ae3fe964-ac1a-4a74-86e2-b7ec8f1a48d3)] -> id: years]
Entered address by using object:[[FirefoxDriver: firefox on WINDOWS (ae3fe964-ac1a-4a74-86e2-b7ec8f1a48d3)] -> id: address1]
Entered city by using object:[[FirefoxDriver: firefox on WINDOWS (ae3fe964-ac1a-4a74-86e2-b7ec8f1a48d3)] -> id: city]
Selected state by using object:[[FirefoxDriver: firefox on WINDOWS (ae3fe964-ac1a-4a74-86e2-b7ec8f1a48d3)] -> id: id_state]
Entered zip code by using object:[[FirefoxDriver: firefox on WINDOWS (ae3fe964-ac1a-4a74-86e2-b7ec8f1a48d3)] -> id: postcode]
Selected country by using object:[[FirefoxDriver: firefox on WINDOWS (ae3fe964-ac1a-4a74-86e2-b7ec8f1a48d3)] -> id: id_country]
Entered phone number by using object:[[FirefoxDriver: firefox on WINDOWS (ae3fe964-ac1a-4a74-86e2-b7ec8f1a48d3)] -> id: phone_mobile]
Entered alias address by using object:[[FirefoxDriver: firefox on WINDOWS (ae3fe964-ac1a-4a74-86e2-b7ec8f1a48d3)] -> id: alias]
Clicked on Registration by using object:[[FirefoxDriver: firefox on WINDOWS (ae3fe964-ac1a-4a74-86e2-b7ec8f1a48d3)] -> id: submitAccount]
Verified my account page by using object:[[FirefoxDriver: firefox on WINDOWS (ae3fe964-ac1a-4a74-86e2-b7ec8f1a48d3)] -> xpath: //h1[text()='My account']]
***End of TC001_CustomerRegistration
***Starting TC001_CustomerRegistration***
Clicked on SignIn button with object:[[FirefoxDriver: firefox on WINDOWS (13ece7a6-da97-43dc-b0a0-2665ce3c7ac3)] -> link text: Sign in]
Entered Email ID:qatest2426@gmail.comusing object[[FirefoxDriver: firefox on WINDOWS (13ece7a6-da97-43dc-b0a0-2665ce3c7ac3)] -> id: email_create]
Clicked on Create an Account:[[FirefoxDriver: firefox on WINDOWS (13ece7a6-da97-43dc-b0a0-2665ce3c7ac3)] -> id: SubmitCreate]
Verified customer info page by using object:[[FirefoxDriver: firefox on WINDOWS (13ece7a6-da97-43dc-b0a0-2665ce3c7ac3)] -> xpath: //h1[text()='Create an account']]
Clicked on radion button by using object:[[FirefoxDriver: firefox on WINDOWS (13ece7a6-da97-43dc-b0a0-2665ce3c7ac3)] -> id: id_gender1]
Entered first name by using object:[[FirefoxDriver: firefox on WINDOWS (13ece7a6-da97-43dc-b0a0-2665ce3c7ac3)] -> id: customer_firstname]
Entered last name bu using object:[[FirefoxDriver: firefox on WINDOWS (13ece7a6-da97-43dc-b0a0-2665ce3c7ac3)] -> id: customer_lastname]
Password entered by using object:[[FirefoxDriver: firefox on WINDOWS (13ece7a6-da97-43dc-b0a0-2665ce3c7ac3)] -> id: passwd]
Selected a day by using object:[[FirefoxDriver: firefox on WINDOWS (13ece7a6-da97-43dc-b0a0-2665ce3c7ac3)] -> id: days]
Selected a month by using object:[[FirefoxDriver: firefox on WINDOWS (13ece7a6-da97-43dc-b0a0-2665ce3c7ac3)] -> id: months]
Selected a year by using object:[[FirefoxDriver: firefox on WINDOWS (13ece7a6-da97-43dc-b0a0-2665ce3c7ac3)] -> id: years]
Entered address by using object:[[FirefoxDriver: firefox on WINDOWS (13ece7a6-da97-43dc-b0a0-2665ce3c7ac3)] -> id: address1]
Entered city by using object:[[FirefoxDriver: firefox on WINDOWS (13ece7a6-da97-43dc-b0a0-2665ce3c7ac3)] -> id: city]
Selected state by using object:[[FirefoxDriver: firefox on WINDOWS (13ece7a6-da97-43dc-b0a0-2665ce3c7ac3)] -> id: id_state]
Entered zip code by using object:[[FirefoxDriver: firefox on WINDOWS (13ece7a6-da97-43dc-b0a0-2665ce3c7ac3)] -> id: postcode]
Selected country by using object:[[FirefoxDriver: firefox on WINDOWS (13ece7a6-da97-43dc-b0a0-2665ce3c7ac3)] -> id: id_country]
Entered phone number by using object:[[FirefoxDriver: firefox on WINDOWS (13ece7a6-da97-43dc-b0a0-2665ce3c7ac3)] -> id: phone_mobile]
Entered alias address by using object:[[FirefoxDriver: firefox on WINDOWS (13ece7a6-da97-43dc-b0a0-2665ce3c7ac3)] -> id: alias]
Clicked on Registration by using object:Proxy element for: DefaultElementLocator 'By.id: submitAccount'
Verified my account page by using object:[[FirefoxDriver: firefox on WINDOWS (13ece7a6-da97-43dc-b0a0-2665ce3c7ac3)] -> xpath: //h1[text()='My account']]
***End of TC001_CustomerRegistration
***Starting TC001_CustomerRegistration***
Clicked on SignIn button with object:[[FirefoxDriver: firefox on WINDOWS (13722f01-8baf-45f6-a2e4-f79aef0257a5)] -> link text: Sign in]
Entered Email ID:qatest783@gmail.comusing object[[FirefoxDriver: firefox on WINDOWS (13722f01-8baf-45f6-a2e4-f79aef0257a5)] -> id: email_create]
Clicked on Create an Account:[[FirefoxDriver: firefox on WINDOWS (13722f01-8baf-45f6-a2e4-f79aef0257a5)] -> id: SubmitCreate]
Verified customer info page by using object:[[FirefoxDriver: firefox on WINDOWS (13722f01-8baf-45f6-a2e4-f79aef0257a5)] -> xpath: //h1[text()='Create an account']]
Clicked on radion button by using object:[[FirefoxDriver: firefox on WINDOWS (13722f01-8baf-45f6-a2e4-f79aef0257a5)] -> id: id_gender1]
Entered first name by using object:[[FirefoxDriver: firefox on WINDOWS (13722f01-8baf-45f6-a2e4-f79aef0257a5)] -> id: customer_firstname]
Entered last name bu using object:[[FirefoxDriver: firefox on WINDOWS (13722f01-8baf-45f6-a2e4-f79aef0257a5)] -> id: customer_lastname]
Password entered by using object:[[FirefoxDriver: firefox on WINDOWS (13722f01-8baf-45f6-a2e4-f79aef0257a5)] -> id: passwd]
Selected a day by using object:[[FirefoxDriver: firefox on WINDOWS (13722f01-8baf-45f6-a2e4-f79aef0257a5)] -> id: days]
Selected a month by using object:[[FirefoxDriver: firefox on WINDOWS (13722f01-8baf-45f6-a2e4-f79aef0257a5)] -> id: months]
Selected a year by using object:[[FirefoxDriver: firefox on WINDOWS (13722f01-8baf-45f6-a2e4-f79aef0257a5)] -> id: years]
Entered address by using object:[[FirefoxDriver: firefox on WINDOWS (13722f01-8baf-45f6-a2e4-f79aef0257a5)] -> id: address1]
Entered city by using object:[[FirefoxDriver: firefox on WINDOWS (13722f01-8baf-45f6-a2e4-f79aef0257a5)] -> id: city]
Selected state by using object:[[FirefoxDriver: firefox on WINDOWS (13722f01-8baf-45f6-a2e4-f79aef0257a5)] -> id: id_state]
Entered zip code by using object:[[FirefoxDriver: firefox on WINDOWS (13722f01-8baf-45f6-a2e4-f79aef0257a5)] -> id: postcode]
Selected country by using object:[[FirefoxDriver: firefox on WINDOWS (13722f01-8baf-45f6-a2e4-f79aef0257a5)] -> id: id_country]
Entered phone number by using object:[[FirefoxDriver: firefox on WINDOWS (13722f01-8baf-45f6-a2e4-f79aef0257a5)] -> id: phone_mobile]
Entered alias address by using object:[[FirefoxDriver: firefox on WINDOWS (13722f01-8baf-45f6-a2e4-f79aef0257a5)] -> id: alias]
Clicked on Registration by using object:Proxy element for: DefaultElementLocator 'By.id: submitAccount'
Verified my account page by using object:[[FirefoxDriver: firefox on WINDOWS (13722f01-8baf-45f6-a2e4-f79aef0257a5)] -> xpath: //h1[text()='My account']]
***End of TC001_CustomerRegistration
